<?xml version="1.0" encoding="UTF-8"?>
<!-- Generated by org.testng.reporters.JUnitXMLReporter -->
<testsuite ignored="0" hostname="DELL" failures="0" tests="3" name="Default test" time="0.145" errors="0" timestamp="2021-03-22T12:21:31 IST">
  <testcase classname="sept18_testcase.fifthtestcase" name="Close" time="0.016"/>
  <testcase classname="sept18_testcase.fifthtestcase" name="Login" time="0.002"/>
  <testcase classname="sept18_testcase.fifthtestcase" name="Register" time="0.002"/>
</testsuite> <!-- Default test -->
