<?xml version="1.0" encoding="UTF-8"?>
<testng-results ignored="0" total="3" passed="3" failed="0" skipped="0">
  <reporter-output>
  </reporter-output>
  <suite started-at="2021-03-22T12:21:30 IST" name="Default suite" finished-at="2021-03-22T12:21:30 IST" duration-ms="145">
    <groups>
    </groups>
    <test started-at="2021-03-22T12:21:30 IST" name="Default test" finished-at="2021-03-22T12:21:30 IST" duration-ms="145">
      <class name="sept18_testcase.fifthtestcase">
        <test-method signature="Close()[pri:0, instance:sept18_testcase.fifthtestcase@482bce4f]" started-at="2021-03-22T12:21:30 IST" name="Close" finished-at="2021-03-22T12:21:30 IST" duration-ms="16" status="PASS">
          <reporter-output>
          </reporter-output>
        </test-method> <!-- Close -->
        <test-method signature="Login()[pri:0, instance:sept18_testcase.fifthtestcase@482bce4f]" started-at="2021-03-22T12:21:30 IST" name="Login" finished-at="2021-03-22T12:21:30 IST" duration-ms="2" status="PASS">
          <reporter-output>
          </reporter-output>
        </test-method> <!-- Login -->
        <test-method signature="Register()[pri:0, instance:sept18_testcase.fifthtestcase@482bce4f]" started-at="2021-03-22T12:21:30 IST" name="Register" finished-at="2021-03-22T12:21:30 IST" duration-ms="2" status="PASS">
          <reporter-output>
          </reporter-output>
        </test-method> <!-- Register -->
      </class> <!-- sept18_testcase.fifthtestcase -->
    </test> <!-- Default test -->
  </suite> <!-- Default suite -->
</testng-results>
