<?xml version="1.0" encoding="UTF-8"?>
<testng-results ignored="0" total="2" passed="2" failed="0" skipped="0">
  <reporter-output>
  </reporter-output>
  <suite started-at="2021-03-15T17:33:34 IST" name="Default suite" finished-at="2021-03-15T17:33:34 IST" duration-ms="200">
    <groups>
    </groups>
    <test started-at="2021-03-15T17:33:34 IST" name="Default test" finished-at="2021-03-15T17:33:34 IST" duration-ms="200">
      <class name="sept18_testcase.second_testcase">
        <test-method signature="dologintest()[pri:-1, instance:sept18_testcase.second_testcase@769e7ee8]" started-at="2021-03-15T17:33:34 IST" name="dologintest" finished-at="2021-03-15T17:33:34 IST" duration-ms="23" status="PASS">
          <reporter-output>
          </reporter-output>
        </test-method> <!-- dologintest -->
        <test-method signature="register()[pri:1, instance:sept18_testcase.second_testcase@769e7ee8]" started-at="2021-03-15T17:33:34 IST" name="register" finished-at="2021-03-15T17:33:34 IST" duration-ms="4" status="PASS">
          <reporter-output>
          </reporter-output>
        </test-method> <!-- register -->
      </class> <!-- sept18_testcase.second_testcase -->
    </test> <!-- Default test -->
  </suite> <!-- Default suite -->
</testng-results>
